<?xml version="1.0" encoding="UTF-8"?>
<!-- Generated by org.testng.reporters.JUnitReportReporter -->
<testsuite hostname="Nagham" failures="0" tests="1" name="tests.RegistrationTests" time="2.692" errors="0" timestamp="2022-10-07T22:03:19 EET" skipped="0">
  <testcase classname="tests.RegistrationTests" name="userCanRegisterToMadison" time="2.692"/>
  <system-out/>
</testsuite> <!-- tests.RegistrationTests -->
