<?xml version="1.0" encoding="UTF-8"?>
<!-- Generated by org.testng.reporters.JUnitReportReporter -->
<testsuite hostname="Nagham" failures="0" tests="1" name="tests.RegistrationTests" time="5.671" errors="0" timestamp="2022-10-07T17:23:08 EET" skipped="0">
  <testcase classname="tests.RegistrationTests" name="userCanRegister" time="5.671"/>
  <system-out/>
</testsuite> <!-- tests.RegistrationTests -->
